    Note: Genesis files modified for use on Linux cluster
    Note2: ga.f1 is your executable
           (e.g., if you need to use the debugger)
    making executables ...
make: `ga.f1' is up to date.
make: `report' is up to date.
    running ga.f1 ex1 ...
sed: can't read cutechess-cli/Stockfish-masterWorkingDirectory/src/types.h: No such file or directory
sed: can't read cutechess-cli/Stockfish-masterWorkingDirectory/src/types.h: No such file or directory
sed: can't read cutechess-cli/Stockfish-masterWorkingDirectory/src/types.h: No such file or directory
sed: can't read cutechess-cli/Stockfish-masterWorkingDirectory/src/types.h: No such file or directory
sed: can't read cutechess-cli/Stockfish-masterWorkingDirectory/src/types.h: No such file or directory
make[1]: *** No rule to make target `types.h', needed by `benchmark.o'.  Stop.
make: *** [build] Error 2
mv: cannot stat ‘cutechess-cli/Stockfish-masterWorkingDirectory/src/stockfish’: No such file or directory
sed: can't read cutechess-cli/Stockfish-masterWorkingDirectory/src/types.h: No such file or directory
sed: can't read cutechess-cli/Stockfish-masterWorkingDirectory/src/types.h: No such file or directory
sed: can't read cutechess-cli/Stockfish-masterWorkingDirectory/src/types.h: No such file or directory
sed: can't read cutechess-cli/Stockfish-masterWorkingDirectory/src/types.h: No such file or directory
sed: can't read cutechess-cli/Stockfish-masterWorkingDirectory/src/types.h: No such file or directory
Warning: Player UciEngine has no side
Warning: Player UciEngine has no side
